20221110	10:58:06	7b86a95a-c62e-46af-bf6c-5a1c550063d5	GET	/v1/posts	undefined
20221110	10:58:20	ace07c30-2c7c-4326-a5d5-d51f60c861f2	GET	/posts	undefined
20221110	11:18:59	9e260adf-b14e-4c07-8718-ab881114a9e9	GET	/posts	undefined
20221110	11:19:31	12aa4cc4-9e5f-4a6b-b9a0-5f6e6f722bc3	POST	/auth/login	undefined
20221110	11:20:02	b7dc5d20-9f4f-4e16-ba8f-1129272d210a	POST	/auth/login	undefined
20221110	11:22:46	3655caf3-6156-4389-bbc3-9df638d3d942	POST	/v1/register	undefined
20221110	11:23:03	b0972ff7-a0e9-4648-ba3d-ecace88538a0	POST	/auth/register	undefined
20221110	11:24:50	5977d6b8-c55e-4277-a18b-a3a566551725	GET	/posts	undefined
20221110	11:25:20	7bb57388-8391-4074-a4e7-c6fc29fa4fd9	GET	/posts	undefined
20221110	11:34:53	174c2b88-8e72-4ea7-924e-e02fd2dd3efa	GET	/posts	undefined
20221110	11:36:24	2912d2e9-c091-4875-86d9-e7600c3e1754	GET	/posts	undefined
20221110	11:38:05	1b2986bd-56c8-41ee-9ac4-ed37656c0ee5	GET	/posts	undefined
20221110	11:42:47	cd906712-35a4-4b93-b91b-cc7058d1e52e	GET	/posts	undefined
20221110	12:11:58	b6d177b8-57fe-4db1-8a2c-d9708b9dd4d7	GET	/posts	undefined
20221110	12:12:14	584007dd-67c6-42a4-a74d-4737890347b7	POST	/v1/auth/login	undefined
20221110	12:12:19	8f92d64f-bf50-49dd-83d6-a756be4301a5	POST	/auth/login	undefined
20221110	12:39:12	8ff40a02-578e-40ef-a491-96dd8514e83d	POST	/auth/login	undefined
20221110	12:39:31	c5d111a2-8773-4268-9a29-d4a4e2415362	GET	/posts	undefined
20221110	13:21:46	f1d705d9-f0f8-44e2-ab1d-6660d5a90f21	POST	/auth/login	undefined
20221110	13:22:30	4aa8eeae-c790-41f8-a0e1-f1badff1be77	POST	/auth/login	undefined
20221110	13:34:29	f3730767-357e-4b2b-aa22-04357eaccbb2	POST	/auth/login	undefined
20221110	13:38:07	f96a4861-5fcf-4bee-8a82-94844cafebcc	POST	/auth/register	undefined
20221110	13:38:20	e99e9545-c51b-4faf-be2e-e7ccbc75d675	GET	/posts	undefined
20221110	13:58:22	d407a2c6-b60c-4a61-9f1e-128eeaf7d5d7	POST	/posts	undefined
20221110	13:58:32	033cbf87-d769-4618-ab37-44b8834cea6d	POST	/posts	undefined
20221110	13:58:39	692e269f-3486-4abb-8725-da984b206366	POST	/v1/auth/login	undefined
20221110	14:01:07	f53dfeaf-6892-4763-b931-80fe438f75ed	POST	/auth/login	undefined
20221110	14:08:51	396fa7be-4453-4e61-9657-6efead207eec	POST	/posts	undefined
20221110	14:08:56	98f81d34-581d-4024-9f03-e619839a63f3	POST	/posts	undefined
20221110	14:08:57	bebee4e5-eef3-4924-ace4-ca41cf1cbfd2	POST	/posts	undefined
20221110	14:14:03	43d6b045-2c59-48fb-bc7e-fb02e832009a	POST	/posts	undefined
20221110	14:17:29	4e0b79c2-fd57-4ac3-bade-2469f8a8e2e5	POST	/posts	undefined
20221110	14:18:52	8f317caa-79a6-4942-b31d-a882900f41d7	POST	/posts	undefined
20221110	14:19:05	2621d7e5-ff3c-436e-9c10-738e7621051f	POST	/posts	undefined
20221110	14:19:12	b95656ea-9efa-4a01-9867-cf26955c6098	POST	/posts	undefined
20221110	15:08:38	b45145ce-64dc-487e-aebd-ca403de45fb1	POST	/v1/posts	undefined
20221110	19:32:53	be17794f-d144-41c4-9c13-15516681250b	POST	/v1/posts	undefined
20221110	19:33:05	09506a5a-572c-4408-adb2-0d4808f1dc8f	GET	/v1/posts	undefined
20221110	19:33:09	b54a963b-bdb6-4e28-a038-e1e67c3e3d17	GET	/posts	undefined
20221111	09:36:20	29f9b862-1ba8-4e27-856e-760530c512e1	GET	/task	undefined
20221111	09:37:03	b34e98d4-9b70-4f7c-824e-b64e93bf81bf	POST	/v1/task	undefined
20221111	09:37:07	9fd45413-e464-4374-a20c-590bb5edaa1c	POST	/task	undefined
20221111	09:37:12	2886e2b6-23a1-486d-80ac-0721aac6fc9c	POST	/auth/login	undefined
20221111	09:37:49	11fc96ac-fd62-48a3-b051-dd2372e93ca7	POST	/task	undefined
20221111	09:38:39	62686af4-77c3-4784-b2a9-ef547dbd0875	GET	/task	undefined
20221111	09:39:01	5f39309c-f874-4144-8d00-0cf2bba810f5	POST	/task	undefined
20221111	09:39:17	295235ad-19ac-4682-ab7c-89073b0b9f80	POST	/task	undefined
20221111	09:39:28	4df80517-dbc4-45b8-9dc1-da7de4300931	GET	/task	undefined
20221111	09:41:02	dde28102-9798-45fe-be99-8e86eab07f46	PUT	/task/636e09ddbcf1a6e6cf979bba	undefined
20221111	09:41:08	ceefcee5-c100-4e92-8ddb-94ee4cbcab26	PUT	/task/636e09ddbcf1a6e6cf979bba	undefined
20221111	09:41:16	5aa30b1c-c781-4149-8fa0-110e983eecf6	GET	/task	undefined
20221111	09:42:41	6ca45ea7-ee9e-4f90-9f68-2a838c7b48c4	GET	/task	undefined
20221111	09:43:03	079251c7-1632-4362-9368-3c7a5f30036b	PUT	/task/636e09ddbcf1a6e6cf979bba	undefined
20221111	09:43:08	4c574116-2a38-48ab-9059-cf2a1bd2d277	GET	/task	undefined
20221111	09:43:45	d61979ae-ba69-4dc7-9cbb-e0198bb1ab24	DELETE	/task/636e09ddbcf1a6e6cf979bba	undefined
20221111	09:43:51	b9d0d6c7-e773-424c-aa12-ecb1dbd31289	DELETE	/task/636e09ddbcf1a6e6cf979bba	undefined
20221111	09:44:05	2bbc8fd9-c9e1-4b2a-9ce1-5ea80a908028	GET	/task	undefined
20221111	09:50:34	e9813603-7916-49aa-a49d-2b595bade1e5	GET	/task	undefined
20221111	09:51:22	1c13310f-fe0f-49ba-8f9d-9af8588042e3	POST	/task	undefined
20221111	09:51:54	ee7f5877-9350-4ab8-b506-8ff65305717c	PUT	/task/636e0d0bd9c827702b21f358	undefined
20221111	09:52:19	157d2488-cbd3-40b3-9d3b-13dae6d8a31a	PUT	/task/636e0d0bd9c827702b21f358	undefined
20221111	10:28:10	38c9a532-3541-40da-bb98-7f4464f47ce4	POST	/task	undefined
20221111	10:28:20	04e92bed-af22-4717-a7ea-0ac3bf0ea560	POST	/auth/login	undefined
20221111	10:28:36	22d77130-8f3b-4a33-878c-d8fee50056c0	POST	/task	undefined
20221111	10:31:29	e16b52ec-a0ec-49dd-a46c-41f0e694b0ff	POST	/task	undefined
20221111	10:32:58	52c26008-5e93-43f6-8471-f965bbca0fa3	POST	/task	undefined
20221111	10:33:53	95681782-dc3f-4e0e-a6fd-cf93b3f35f27	POST	/task	undefined
20221111	14:07:16	da068bdc-b3d0-4cd8-ae4b-6dc56459dc4c	GET	/socket.io/?EIO=4&transport=polling&t=OHcpJdG&b64=1	undefined
20221111	14:07:17	fca13256-62cf-40bc-96c0-8b9296d0fd48	GET	/socket.io/?EIO=4&transport=polling&t=OHcpJpW&b64=1	undefined
20221111	14:07:20	4760f489-fce7-4987-acf9-213c428b870f	GET	/socket.io/?EIO=4&transport=polling&t=OHcpKYH&b64=1	undefined
20221111	14:07:25	095f7bb3-83c4-41ed-a8d1-21051f3d5a69	GET	/socket.io/?EIO=4&transport=polling&t=OHcpLmX&b64=1	undefined
20221111	14:07:30	1c019d91-b29e-42f4-94db-237288ee6b8e	GET	/socket.io/?EIO=4&transport=polling&t=OHcpM-m&b64=1	undefined
20221111	14:07:35	9795e8b6-edb1-4b8a-aa63-13e4830a810c	GET	/socket.io/?EIO=4&transport=polling&t=OHcpOD1&b64=1	undefined
20221111	14:07:40	b8f81533-191a-48b6-9180-31788bcfe2d4	GET	/socket.io/?EIO=4&transport=polling&t=OHcpPRF&b64=1	undefined
20221111	14:07:45	aa702d10-993a-404c-a43b-1af8347a6d95	GET	/socket.io/?EIO=4&transport=polling&t=OHcpQfT&b64=1	undefined
20221111	14:07:59	9419ef22-f2b9-44b0-ace0-cd7b1906e2a7	GET	/socket.io/?EIO=4&transport=polling&t=OHcpTzm&b64=1	undefined
20221111	14:08:00	da847c80-6bdf-4093-ae10-4079af63b605	GET	/socket.io/?EIO=4&transport=polling&t=OHcpUKo&b64=1	undefined
20221111	14:08:02	2d3a5990-3fb6-481a-ae1b-1650fe17f5ba	GET	/socket.io/?EIO=4&transport=polling&t=OHcpUvQ&b64=1	undefined
20221111	14:08:05	80d13d07-b374-475d-a58a-9cc67e28cc36	GET	/socket.io/?EIO=4&transport=polling&t=OHcpVb9&b64=1	undefined
20221111	14:08:10	c7e85f98-2c2b-412d-be21-30b6bd4730f6	GET	/socket.io/?EIO=4&transport=polling&t=OHcpWpN&b64=1	undefined
20221111	14:08:15	f9d37000-2994-4f13-829e-99f111e8c6a8	GET	/socket.io/?EIO=4&transport=polling&t=OHcpY1c&b64=1	undefined
20221111	14:08:20	cab5b8bc-51ce-44e4-8701-c8736a2cbe80	GET	/socket.io/?EIO=4&transport=polling&t=OHcpZFq&b64=1	undefined
20221111	14:08:25	c9318f26-4ba9-45c3-a1fe-75683da1b054	GET	/socket.io/?EIO=4&transport=polling&t=OHcpaUE&b64=1	undefined
20221111	14:08:30	30020610-a1d4-4cb7-bd1e-ba46ab67669b	GET	/socket.io/?EIO=4&transport=polling&t=OHcpbio&b64=1	undefined
20221111	14:08:35	f801484a-c5df-4c5c-8fee-800c800e4aa8	GET	/socket.io/?EIO=4&transport=polling&t=OHcpcx4&b64=1	undefined
20221111	14:08:40	f087445d-52c4-420c-be1c-52ddd4fbd1d6	GET	/socket.io/?EIO=4&transport=polling&t=OHcpe9L&b64=1	undefined
20221111	14:08:45	4aa2b88b-bce3-4bc2-9fef-8b7a43445f51	GET	/socket.io/?EIO=4&transport=polling&t=OHcpfNc&b64=1	undefined
20221111	14:08:50	61824ac3-970e-4b8e-be9e-0eaa7eedfc57	GET	/socket.io/?EIO=4&transport=polling&t=OHcpgby&b64=1	undefined
20221111	14:09:25	1a7eb7a6-a9e2-4f72-974f-aa48b2aa0dad	POST	/task	undefined
20221111	14:09:30	00e011a3-9cb3-467d-bbec-526970aa9819	POST	/auth/login	undefined
20221111	14:09:42	2b65dbc9-9363-4f7a-b13c-164714bd9c40	POST	/task	undefined
20221111	14:09:42	64448c4c-ba5f-47ea-8f36-19482a481728	GET	/socket.io/?EIO=4&transport=polling&t=OHcptKn&b64=1	undefined
20221111	14:09:43	7e749f6c-66ee-48bf-9480-bf484b0a857f	GET	/socket.io/?EIO=4&transport=polling&t=OHcptc4&b64=1	undefined
20221111	14:09:45	386fa16d-5850-4856-a277-299b2e1301c4	GET	/socket.io/?EIO=4&transport=polling&t=OHcptup&b64=1	undefined
20221111	14:09:50	3c3ec226-760e-454a-8c96-c5af19096862	GET	/socket.io/?EIO=4&transport=polling&t=OHcpv74&b64=1	undefined
20221111	14:09:55	1f03d166-55dd-4b78-8c21-a15eba9020ae	GET	/socket.io/?EIO=4&transport=polling&t=OHcpwLH&b64=1	undefined
20221111	14:10:00	e3fb886c-88c5-4a9f-98fb-957e4fe4fe80	GET	/socket.io/?EIO=4&transport=polling&t=OHcpxZY&b64=1	undefined
20221111	14:10:05	51068292-6688-42ea-a385-c35de462e5bd	GET	/socket.io/?EIO=4&transport=polling&t=OHcpynl&b64=1	undefined
20221111	14:10:10	a750ef5a-0f09-4613-9412-af9eb0abc688	GET	/socket.io/?EIO=4&transport=polling&t=OHcp-00&b64=1	undefined
20221111	14:10:15	dac82a58-5a06-4165-96c6-751712a556ab	GET	/socket.io/?EIO=4&transport=polling&t=OHcp_ED&b64=1	undefined
20221111	14:10:20	f964bece-3a37-48d1-9b04-8a4eab55fb6d	POST	/task	undefined
20221111	14:10:20	d85b1a8b-80ee-43e9-a42c-7fb3f3185f2e	GET	/socket.io/?EIO=4&transport=polling&t=OHcq0SR&b64=1	undefined
20221111	14:10:20	fd439528-95e3-4e50-907b-3d4a6526271c	GET	/socket.io/?EIO=4&transport=polling&t=OHcq0Vk&b64=1	undefined
20221111	14:10:21	391feaf4-577b-4d63-b459-2aea48455205	GET	/socket.io/?EIO=4&transport=polling&t=OHcq0rd&b64=1	undefined
20221111	14:10:24	8ca3f433-e4b1-4001-9346-88f38f4bf8c5	GET	/socket.io/?EIO=4&transport=polling&t=OHcq1UK&b64=1	undefined
20221111	14:10:25	ef1bf3b4-053f-4e0c-b5eb-14fc2f569b70	GET	/socket.io/?EIO=4&transport=polling&t=OHcq1gg&b64=1	undefined
20221111	14:10:27	504245c2-f870-4e05-a6d7-663a13f86825	GET	/socket.io/?EIO=4&transport=polling&t=OHcq2KT&b64=1	undefined
20221111	14:10:30	a8afb685-09eb-4feb-9059-8acc90205440	GET	/socket.io/?EIO=4&transport=polling&t=OHcq2uw&b64=1	undefined
20221111	14:10:32	2881a7cc-7a99-45d5-84c0-a14e36f8a07f	GET	/socket.io/?EIO=4&transport=polling&t=OHcq3Yh&b64=1	undefined
20221111	14:10:35	b8085af6-dbd6-448d-8e38-8c966a888c7c	GET	/socket.io/?EIO=4&transport=polling&t=OHcq47A&b64=1	undefined
20221111	14:10:37	20acb142-9bae-42f0-a03a-2ae56225939c	GET	/socket.io/?EIO=4&transport=polling&t=OHcq4mx&b64=1	undefined
20221111	14:10:40	66000620-9fac-4e10-bc5c-24b346f54d34	GET	/socket.io/?EIO=4&transport=polling&t=OHcq5LQ&b64=1	undefined
20221111	14:10:42	2485582c-9edb-487d-b17d-39c7d362e97c	GET	/socket.io/?EIO=4&transport=polling&t=OHcq5_A&b64=1	undefined
20221111	14:10:45	897989c2-502a-4a9b-b97c-2870477ee943	GET	/socket.io/?EIO=4&transport=polling&t=OHcq6Ze&b64=1	undefined
20221111	14:10:47	82a49567-5dd9-4556-9bae-8e45a36a000f	GET	/socket.io/?EIO=4&transport=polling&t=OHcq7DR&b64=1	undefined
20221111	14:10:50	f3517eca-4e7b-4ea9-9a16-1008576cfb94	GET	/socket.io/?EIO=4&transport=polling&t=OHcq7nt&b64=1	undefined
20221111	14:10:52	a13c7add-bdff-4338-ade8-33f071c80b21	GET	/socket.io/?EIO=4&transport=polling&t=OHcq8Rh&b64=1	undefined
20221111	14:10:55	1129cab9-8125-45b0-b7f2-1b53d6e1e874	GET	/socket.io/?EIO=4&transport=polling&t=OHcq904&b64=1	undefined
20221111	14:10:57	0c52f084-bfb1-4db6-a719-bee685d8927b	GET	/socket.io/?EIO=4&transport=polling&t=OHcq9fx&b64=1	undefined
20221111	14:11:00	c605184b-5d64-429c-a6d8-9ddd84a9278f	GET	/socket.io/?EIO=4&transport=polling&t=OHcqAEJ&b64=1	undefined
20221111	14:11:02	32789cb3-8a70-402d-9b0d-a693576741c2	GET	/socket.io/?EIO=4&transport=polling&t=OHcqAuA&b64=1	undefined
20221111	14:11:05	ff5a44f9-1500-4d95-bcbf-e4784e14409f	GET	/socket.io/?EIO=4&transport=polling&t=OHcqBSZ&b64=1	undefined
20221111	14:11:07	68818d3f-5301-4df6-b61c-57eb93db5f10	GET	/socket.io/?EIO=4&transport=polling&t=OHcqC6Q&b64=1	undefined
20221111	14:11:10	e57b1e2f-70e1-4afb-8b45-325dfb2568d2	GET	/socket.io/?EIO=4&transport=polling&t=OHcqCgn&b64=1	undefined
20221111	14:11:12	743c7581-d94e-4059-a50a-158996ad84a9	GET	/socket.io/?EIO=4&transport=polling&t=OHcqDKf&b64=1	undefined
20221111	14:11:15	5218e82c-4231-40c4-94b6-05ddc445d714	GET	/socket.io/?EIO=4&transport=polling&t=OHcqDu_&b64=1	undefined
20221111	14:11:17	aca52ab4-f187-404b-aaeb-d54342b6895c	GET	/socket.io/?EIO=4&transport=polling&t=OHcqEYv&b64=1	undefined
20221111	14:11:20	4e53de6b-3807-4094-bcb8-876fb87a4aaa	GET	/socket.io/?EIO=4&transport=polling&t=OHcqF7E&b64=1	undefined
20221111	14:11:22	9bdc40d2-ede0-4768-b909-fd00fbc5f60f	GET	/socket.io/?EIO=4&transport=polling&t=OHcqFn7&b64=1	undefined
20221111	14:11:25	cfeaa190-0507-409c-9c10-91449d452517	GET	/socket.io/?EIO=4&transport=polling&t=OHcqGLR&b64=1	undefined
20221111	14:11:27	07094ec6-ed4d-4f09-ab0a-955a35ad93d2	GET	/socket.io/?EIO=4&transport=polling&t=OHcqG_N&b64=1	undefined
20221111	14:11:30	af125c52-be1c-4c7d-b020-6d778d9f2057	GET	/socket.io/?EIO=4&transport=polling&t=OHcqHZe&b64=1	undefined
20221111	14:11:32	f426269e-48e8-47af-9117-800e5fdf19a8	GET	/socket.io/?EIO=4&transport=polling&t=OHcqIDa&b64=1	undefined
20221111	14:11:35	26a51bf6-c81a-4482-9b5e-75104d11e94f	GET	/socket.io/?EIO=4&transport=polling&t=OHcqInt&b64=1	undefined
20221111	14:11:37	c7fb1c32-e6c2-4806-810e-4c7613fc9e76	GET	/socket.io/?EIO=4&transport=polling&t=OHcqJRv&b64=1	undefined
20221111	14:11:40	14e93502-5078-40b2-aefb-8abb90fea35b	GET	/socket.io/?EIO=4&transport=polling&t=OHcqK05&b64=1	undefined
20221111	14:11:42	a3e89db4-df2e-41ce-a12c-3eb2c3f8da14	GET	/socket.io/?EIO=4&transport=polling&t=OHcqKg6&b64=1	undefined
20221111	14:11:45	d461f66c-cd21-4a99-9381-81a7712cb1b1	GET	/socket.io/?EIO=4&transport=polling&t=OHcqLEL&b64=1	undefined
20221111	14:11:48	78090441-cf88-446c-9c66-6f811e0cb4da	GET	/socket.io/?EIO=4&transport=polling&t=OHcqLuM&b64=1	undefined
20221111	14:11:50	dae7e325-f641-4d8c-b37a-cfde6b385331	GET	/socket.io/?EIO=4&transport=polling&t=OHcqMSa&b64=1	undefined
20221111	14:11:53	6913b984-26bf-491f-a0c8-4f94a1bd2c28	GET	/socket.io/?EIO=4&transport=polling&t=OHcqN6o&b64=1	undefined
20221111	14:12:21	cb4c6dd1-dd6c-439e-b450-2ac8547fc9cd	POST	/task	undefined
20221111	16:44:10	4c185acf-ffef-4a4d-8368-e18318e4188e	POST	/auth/register	undefined
20221111	16:49:24	394a22ea-2717-4c3c-9d19-2ff0ef717284	POST	/auth/register	undefined
20221111	16:49:34	b2da6965-fd3b-42bf-a18d-e250469356bd	GET	/auth/register	undefined
20221111	16:49:49	15702a28-67af-4a37-a084-0280a54be86f	POST	/auth/register	undefined
20221111	16:50:29	7045251f-eab0-47c2-a392-011e0418e0a1	GET	/auth/register	undefined
20221111	16:50:30	ff2b9c22-b65d-495f-b5d4-8ef98b900ab4	GET	/auth/register	undefined
20221111	16:50:40	d8925cbf-937f-41f9-b782-e64115ffad38	POST	/auth/register	undefined
20221111	17:10:44	9c5a6366-8b4a-4489-b171-eaf5f2a523a8	POST	/auth/register	undefined
20221111	17:10:47	737de143-aa44-4233-9b21-6c981002cb45	POST	/auth/register	undefined
20221111	17:46:58	74b347aa-ac79-4a3e-ab64-8156e0ff1603	POST	/auth/register	undefined
20221111	17:47:09	96f6e250-314f-4911-a944-e9c8a208b8fc	POST	/auth/register	undefined
20221111	17:47:29	80d15c7e-448f-4c19-b8f7-08d128f218c8	POST	/auth/register	undefined
20221111	17:47:31	26ab8980-f689-43c1-bd2f-4ab006c33afd	POST	/auth/register	undefined
20221111	17:47:59	0a1e7820-f932-453c-afb1-0e7f3b0c4b87	POST	/auth/register	undefined
20221111	17:48:01	a50a1f9a-83da-40a4-9c0f-8a779cbb3b63	POST	/auth/register	undefined
20221111	17:56:09	8ac3d0ce-7758-47a6-a4b0-d67836f7f172	POST	/auth/register	undefined
20221111	18:10:23	38be6790-08a8-46f9-8e35-d7ceedd76312	POST	/auth/login	undefined
20221111	18:10:47	85fdd6ba-74f3-4b29-9276-60eeff3a07e7	POST	/auth/login	undefined
20221111	18:25:03	ccc17897-c270-413a-900b-1ba610dfad28	POST	/task	undefined
20221111	18:25:10	794ba66f-711a-4128-9978-f4d255f223b5	POST	/auth/login	undefined
20221111	18:25:17	1d0c08b4-3e3d-497a-bd59-e369c4ca6723	POST	/task	undefined
20221111	18:25:23	c30028e6-9d74-4401-930a-3fb05d2e173a	GET	/task	undefined
20221111	18:26:15	15d8a98c-f03d-495c-8e2f-1e929a20fdbd	POST	/task	undefined
20221111	18:26:19	857bd2b9-4d96-4818-8133-a2239858e8fe	GET	/task	undefined
20221111	18:26:42	80614e7e-58cd-4f04-901d-c78d035d95fc	PUT	/task/1	undefined
20221111	18:27:03	8ef4ecd4-56da-496e-b3ed-4f9419538f5e	PUT	/task/1	undefined
20221111	18:27:16	93207976-8098-4c7e-a24e-5cbd507f5131	DELETE	/task/1	undefined
20221111	18:27:22	89c306e8-90ff-471e-819d-b144586d0f00	DELETE	/task/1	undefined
20221111	18:32:23	df4c8e68-4c1d-427b-b193-dedd4774eaac	DELETE	/task/1	undefined
20221111	18:32:38	21eb6c8c-ca0f-4efe-9ec8-947f90c2357f	GET	/task	undefined
20221111	18:32:46	d7097386-dd50-46c1-8700-7d642bef78e7	DELETE	/task/2	undefined
20221111	18:36:41	98f0b219-4666-4952-88fc-86aa6ef62f31	DELETE	/task/2	undefined
20221111	18:37:30	30aa3e04-6848-4c9d-aa5a-d1f2a968cf97	DELETE	/task/2	undefined
20221111	18:38:31	07021a69-5388-421e-bc50-b696c51e44ae	POST	/auth/register	undefined
20221111	18:38:40	82733dee-42fd-4434-ba1e-439d18d791e6	POST	/auth/login	undefined
20221111	18:38:50	cb05e16c-e5bf-4935-bfd7-25c8d535e4ae	DELETE	/task/2	undefined
20221111	18:38:56	2d037d8a-3051-43bf-927f-e4c1fad9d073	DELETE	/task/2	undefined
20221111	18:39:35	067feaa2-481b-4347-8331-aa97f1697d3e	DELETE	/task/2	undefined
20221111	18:39:40	5f5358f6-f128-4f84-aebb-7f262a75dadf	POST	/auth/login	undefined
20221111	18:39:55	5f97c609-4f17-4561-a514-6bf229d5505f	DELETE	/task/2	undefined
20221111	18:40:01	ba3eb61f-aee0-4131-8142-5e3758a917a6	POST	/auth/login	undefined
20221111	18:40:21	2ac72328-54a5-4ac1-a54e-e1f07c176bbd	DELETE	/task/2	undefined
20221111	18:40:26	ca592c21-1951-48b4-b00f-e40d3effa894	GET	/task	undefined
20221111	18:48:32	323c2efb-204f-43b5-b47c-257699817120	POST	/task	undefined
20221111	18:51:40	3354cb45-3031-42ab-8a14-e1ce21bcda41	POST	/task	undefined
20221111	19:09:08	212e5c7b-359b-475b-83f5-4e375a928118	POST	/task	undefined
20221111	19:09:13	c12ad07e-cbce-4c35-82c6-47586ef55570	POST	/auth/login	undefined
20221111	19:09:23	cdd80fc3-e60d-4298-a287-faf9fbdb71ac	POST	/task	undefined
20221111	19:09:57	1f168947-f925-4630-95b1-61ac8d697c6c	POST	/task	undefined
20221111	19:16:34	74e9ca57-256a-425e-9fb3-ee01c0c5c2e2	POST	/task	undefined
20221111	19:18:43	68135b39-7918-4a05-89f6-edd863ca40a8	POST	/task	undefined
20221111	19:18:49	213e4256-96a7-426e-aa84-3477ba7b4f9d	POST	/task	undefined
20221111	19:19:42	c287fbd2-de75-4053-9704-5063455fb13b	GET	/task	undefined
20221111	19:19:46	94fb4b22-f7f2-4b5d-9972-08085bb75602	POST	/task	undefined
20221111	19:19:51	c82eff98-b0c9-49d7-9300-4818ab3e8519	POST	/task	undefined
20221111	19:19:54	6ca53f3a-fa9e-422e-a9ac-e45559b6952f	GET	/task	undefined
20221111	19:20:13	92a08eea-0dfa-4e45-a664-ec67ddccd3c1	GET	/task	undefined
20221111	19:20:23	05c5e058-0d49-4f03-b518-a5161a7cd7d4	GET	/task	undefined
20221111	19:20:32	58238267-44b3-40d7-8d5b-17abb5cb3904	GET	/task	undefined
20221111	19:20:37	0e1469e3-ddb3-4cd0-9e51-cd5fd581e340	GET	/task	undefined
20221111	19:21:38	4d8c01f1-8633-47ff-b8c0-04bf6bd46632	GET	/task	undefined
20221111	19:22:38	0c7ec51b-6eba-4e21-8025-c553c0d22f29	GET	/task	undefined
20221111	19:22:46	ebf082eb-35ad-4143-a40e-aecbd5156fa7	GET	/task	undefined
20221111	19:23:26	70bd00ff-c865-4b90-88ad-40003f1725de	GET	/task	undefined
20221111	19:24:25	3af067ec-80bd-403b-82f4-5b10c2d9d23a	POST	/task	undefined
20221111	19:24:30	0f41cf46-a9d4-42d1-aeeb-1de62728e30c	POST	/task	undefined
20221111	19:24:35	b72a3bcd-1f4f-467d-8acc-30744e4fa769	POST	/task	undefined
20221111	19:24:41	d01b83ba-eddc-43c5-b2d9-9b4938bf4e65	POST	/task	undefined
20221111	19:24:49	04729919-24d6-4252-8160-67f4c5897b20	POST	/task	undefined
20221111	19:25:46	5ea54cb9-ee0e-4700-ba1d-a594c2fc607a	POST	/task	undefined
20221111	19:28:35	fa9fa0a8-7657-4d34-b7ee-0e4490f7c678	POST	/task	undefined
20221111	19:28:37	6ef76272-2036-41c0-ad94-3e8399a3af8d	POST	/task	undefined
20221111	19:28:39	9c4a5eba-f153-477f-8abc-adc82c7ec209	POST	/task	undefined
20221111	19:29:22	b31347a8-a842-47c5-9883-0ffa842364f8	POST	/task	undefined
20221111	19:37:51	0653383b-fa0a-4ed2-9278-d2aac43f869c	POST	/task	undefined
20221111	19:38:56	256fdb3b-a807-45ea-9cfd-fa8aadc1f7e9	POST	/task	undefined
20221111	19:39:08	cfddf2d8-2163-4740-9940-845d191c919e	POST	/task	undefined
20221111	19:39:09	02e99cf8-4552-4ddb-8548-9fa4de840a52	POST	/task	undefined
20221111	19:39:11	00e3ccea-a4f3-4438-bb0d-c0e122c7f5af	POST	/task	undefined
20221111	19:39:57	8238159b-8ee5-41e4-b024-ce309da9ddd7	POST	/task	undefined
20221111	19:39:57	9714ad8a-b39f-4ea5-b6c6-afda74112736	POST	/task	undefined
20221111	19:40:01	3e4899a6-b13f-4ce7-a080-f5ab83b53861	POST	/auth/login	undefined
20221111	19:40:11	e72914e9-c9c2-42a4-9e29-cab551060bfa	POST	/task	undefined
20221111	19:40:12	77fb815f-27e5-4683-8a9c-617d0f1d9ada	POST	/task	undefined
20221111	19:40:13	ee481354-7c5d-4037-a149-0e5b3a4f51ed	POST	/task	undefined
20221111	19:40:32	18438ae6-f1ea-4dd2-9b59-923632c5b6d5	POST	/task	undefined
20221111	19:40:33	c5f99e71-cd43-449c-b262-6f04d5f39359	POST	/task	undefined
20221111	19:40:34	a2e6421c-51a2-4c94-b9ba-99c9090c0793	POST	/task	undefined
20221111	19:40:35	a4c26293-e857-48c7-b1cf-6a420ce951a3	POST	/task	undefined
20221111	19:40:36	835b721b-8729-4f67-8fa8-2cd5153a0cac	POST	/task	undefined
20221111	19:43:07	a8a423ab-9217-4627-875a-36dd291a50c7	POST	/task	undefined
20221111	19:43:21	024ddef2-cbe3-4244-aff5-952954b4ba73	POST	/task	undefined
20221111	19:43:44	d80d0204-2a92-4b13-9a04-c77b0259456d	POST	/task	undefined
20221111	19:53:08	7ffbcf77-e10a-4698-9a18-93b7a690cc3b	POST	/task	undefined
20221111	19:53:09	e5197650-65f0-4833-9674-4718ea3bbcb1	POST	/task	undefined
20221111	19:53:44	db6be8d4-33c5-4f1e-8a0f-fc7b398b2b3b	POST	/task	undefined
20221111	19:54:53	b10dad46-ae58-4e5a-888f-6190ad289cd6	POST	/task	undefined
20221111	19:54:58	501c9917-2ed2-4684-895a-010d5b10eeb2	POST	/task	undefined
